<?xml version="1.0" encoding="UTF-8"?>
<!-- Generated by org.testng.reporters.JUnitReportReporter -->
<testsuite hostname="DESKTOP-CSFQAL8" failures="0" tests="3" name="com.Class01.TestNGDemo" time="0.042" errors="0" timestamp="2020-01-11T13:59:32 EST" skipped="0">
  <testcase classname="com.Class01.TestNGDemo" name="testThree" time="0.007"/>
  <testcase classname="com.Class01.TestNGDemo" name="testOne" time="0.024"/>
  <testcase classname="com.Class01.TestNGDemo" name="testTwo" time="0.011"/>
</testsuite> <!-- com.Class01.TestNGDemo -->
