<?xml version="1.0" encoding="UTF-8"?>
<!-- Generated by org.testng.reporters.JUnitReportReporter -->
<testsuite hostname="DESKTOP-CSFQAL8" failures="0" tests="1" name="com.Class02.SoftAssertionDemo" time="54.014" errors="0" timestamp="2020-01-12T14:17:47 EST" skipped="0">
  <testcase classname="com.Class02.SoftAssertionDemo" name="logoAndLogin" time="54.014"/>
</testsuite> <!-- com.Class02.SoftAssertionDemo -->
