<?xml version="1.0" encoding="UTF-8"?>
<!-- Generated by org.testng.reporters.JUnitReportReporter -->
<testsuite hostname="DESKTOP-CSFQAL8" failures="0" tests="1" name="com.Class01.DifferentAnnotations" time="0.007" errors="0" timestamp="2020-01-11T14:21:45 EST" skipped="0">
  <testcase classname="com.Class01.DifferentAnnotations" name="test" time="0.007"/>
</testsuite> <!-- com.Class01.DifferentAnnotations -->
