<?xml version="1.0" encoding="UTF-8"?>
<!-- Generated by org.testng.reporters.JUnitReportReporter -->
<testsuite hostname="DESKTOP-CSFQAL8" failures="0" tests="1" name="com.Class01.NegativeLogin" time="13.163" errors="0" timestamp="2020-01-12T12:06:28 EST" skipped="0">
  <testcase classname="com.Class01.NegativeLogin" name="emptyPassword" time="13.163"/>
</testsuite> <!-- com.Class01.NegativeLogin -->
