<?xml version="1.0" encoding="UTF-8"?>
<!-- Generated by org.testng.reporters.JUnitReportReporter -->
<testsuite hostname="DESKTOP-CSFQAL8" failures="0" tests="3" name="com.Class01.ExerciseMethods" time="0.030" errors="0" timestamp="2020-01-11T14:07:24 EST" skipped="0">
  <testcase classname="com.Class01.ExerciseMethods" name="B" time="0.009"/>
  <testcase classname="com.Class01.ExerciseMethods" name="A" time="0.019"/>
  <testcase classname="com.Class01.ExerciseMethods" name="C" time="0.002"/>
</testsuite> <!-- com.Class01.ExerciseMethods -->
