<?xml version="1.0" encoding="UTF-8"?>
<!-- Generated by org.testng.reporters.JUnitReportReporter -->
<testsuite hostname="DESKTOP-CSFQAL8" failures="0" tests="3" name="com.Class01.TestNGDemo" time="0.012" errors="0" timestamp="2020-01-12T14:17:47 EST" skipped="0">
  <testcase classname="com.Class01.TestNGDemo" name="testThree" time="0.007"/>
  <testcase classname="com.Class01.TestNGDemo" name="testTwo" time="0.002"/>
  <testcase classname="com.Class01.TestNGDemo" name="testOne" time="0.003"/>
</testsuite> <!-- com.Class01.TestNGDemo -->
