<?xml version="1.0" encoding="UTF-8"?>
<!-- Generated by org.testng.reporters.JUnitReportReporter -->
<testsuite hostname="DESKTOP-CSFQAL8" failures="0" tests="2" name="com.Class01.DifferentTestExercise" time="0.011" errors="0" timestamp="2020-01-11T14:29:40 EST" skipped="0">
  <testcase classname="com.Class01.DifferentTestExercise" name="test2" time="0.004"/>
  <testcase classname="com.Class01.DifferentTestExercise" name="test1" time="0.007"/>
</testsuite> <!-- com.Class01.DifferentTestExercise -->
